[17:51:04:359] [DEBUG] - com.baomidou.mybatisplus.generator.AutoGenerator.execute(AutoGenerator.java:93) - ==========================准备生成文件...==========================
[17:51:07:117] [DEBUG] - com.baomidou.mybatisplus.generator.engine.AbstractTemplateEngine.lambda$mkdirs$0(AbstractTemplateEngine.java:155) - 创建目录： [/Users/adam_ming/SourceCode/IDEAWorkspace/urms/src/main/java/com/dhcc/drgmifs/ROLE/entity]
[17:51:07:117] [DEBUG] - com.baomidou.mybatisplus.generator.engine.AbstractTemplateEngine.lambda$mkdirs$0(AbstractTemplateEngine.java:155) - 创建目录： [/Users/adam_ming/SourceCode/IDEAWorkspace/urms/src/main/java/com/dhcc/drgmifs/ROLE/controller]
[17:51:07:117] [DEBUG] - com.baomidou.mybatisplus.generator.engine.AbstractTemplateEngine.lambda$mkdirs$0(AbstractTemplateEngine.java:155) - 创建目录： [/Users/adam_ming/SourceCode/IDEAWorkspace/urms/src/main/java/com/dhcc/drgmifs/ROLE/mapper]
[17:51:07:118] [DEBUG] - com.baomidou.mybatisplus.generator.engine.AbstractTemplateEngine.lambda$mkdirs$0(AbstractTemplateEngine.java:155) - 创建目录： [/Users/adam_ming/SourceCode/IDEAWorkspace/urms/src/main/java/com/dhcc/drgmifs/ROLE/service/impl]
[17:51:07:121] [ERROR] - com.baomidou.mybatisplus.generator.engine.AbstractTemplateEngine.batchOutput(AbstractTemplateEngine.java:131) - 无法创建文件，请检查配置信息！
freemarker.template.TemplateNotFoundException: Template not found for name "/static/templates/mapper.xml.ftl".
The name was interpreted by this TemplateLoader: ClassTemplateLoader(resourceLoaderClass=com.baomidou.mybatisplus.generator.engine.FreemarkerTemplateEngine, basePackagePath="/").
	at freemarker.template.Configuration.getTemplate(Configuration.java:2869) ~[freemarker-2.3.30.jar:2.3.30]
	at freemarker.template.Configuration.getTemplate(Configuration.java:2671) ~[freemarker-2.3.30.jar:2.3.30]
	at com.baomidou.mybatisplus.generator.engine.FreemarkerTemplateEngine.writer(FreemarkerTemplateEngine.java:50) ~[mybatis-plus-generator-3.3.2.jar:3.3.2]
	at com.baomidou.mybatisplus.generator.engine.AbstractTemplateEngine.batchOutput(AbstractTemplateEngine.java:81) [mybatis-plus-generator-3.3.2.jar:3.3.2]
	at com.baomidou.mybatisplus.generator.AutoGenerator.execute(AutoGenerator.java:106) [mybatis-plus-generator-3.3.2.jar:3.3.2]
	at com.dhcc.urms.common.codegen.CodeGenerator.main(CodeGenerator.java:144) [classes/:?]
[17:51:07:126] [DEBUG] - com.baomidou.mybatisplus.generator.AutoGenerator.execute(AutoGenerator.java:107) - ==========================文件生成完成！！！==========================
[17:52:47:344] [DEBUG] - com.baomidou.mybatisplus.generator.AutoGenerator.execute(AutoGenerator.java:93) - ==========================准备生成文件...==========================
[17:52:49:822] [ERROR] - com.baomidou.mybatisplus.generator.engine.AbstractTemplateEngine.batchOutput(AbstractTemplateEngine.java:131) - 无法创建文件，请检查配置信息！
freemarker.template.TemplateNotFoundException: Template not found for name "/static/templates/mapper.xml.ftl".
The name was interpreted by this TemplateLoader: ClassTemplateLoader(resourceLoaderClass=com.baomidou.mybatisplus.generator.engine.FreemarkerTemplateEngine, basePackagePath="/").
	at freemarker.template.Configuration.getTemplate(Configuration.java:2869) ~[freemarker-2.3.30.jar:2.3.30]
	at freemarker.template.Configuration.getTemplate(Configuration.java:2671) ~[freemarker-2.3.30.jar:2.3.30]
	at com.baomidou.mybatisplus.generator.engine.FreemarkerTemplateEngine.writer(FreemarkerTemplateEngine.java:50) ~[mybatis-plus-generator-3.3.2.jar:3.3.2]
	at com.baomidou.mybatisplus.generator.engine.AbstractTemplateEngine.batchOutput(AbstractTemplateEngine.java:81) [mybatis-plus-generator-3.3.2.jar:3.3.2]
	at com.baomidou.mybatisplus.generator.AutoGenerator.execute(AutoGenerator.java:106) [mybatis-plus-generator-3.3.2.jar:3.3.2]
	at com.dhcc.urms.common.codegen.CodeGenerator.main(CodeGenerator.java:144) [classes/:?]
[17:52:49:827] [DEBUG] - com.baomidou.mybatisplus.generator.AutoGenerator.execute(AutoGenerator.java:107) - ==========================文件生成完成！！！==========================
[17:54:18:226] [DEBUG] - com.baomidou.mybatisplus.generator.AutoGenerator.execute(AutoGenerator.java:93) - ==========================准备生成文件...==========================
[17:54:19:539] [DEBUG] - com.baomidou.mybatisplus.generator.engine.FreemarkerTemplateEngine.writer(FreemarkerTemplateEngine.java:54) - 模板:/static/templates/mapper.xml.ftl;  文件:/Users/adam_ming/SourceCode/IDEAWorkspace/urms/src/main/resources/mapper/role/RoleMapper.xml
[17:54:19:620] [DEBUG] - com.baomidou.mybatisplus.generator.engine.FreemarkerTemplateEngine.writer(FreemarkerTemplateEngine.java:54) - 模板:static/templates/entity.java.ftl;  文件:/Users/adam_ming/SourceCode/IDEAWorkspace/urms/src/main/java/com/dhcc/drgmifs/role/entity/Role.java
[17:54:19:622] [DEBUG] - com.baomidou.mybatisplus.generator.engine.FreemarkerTemplateEngine.writer(FreemarkerTemplateEngine.java:54) - 模板:/templates/mapper.java.ftl;  文件:/Users/adam_ming/SourceCode/IDEAWorkspace/urms/src/main/java/com/dhcc/drgmifs/role/mapper/RoleMapper.java
[17:54:19:624] [DEBUG] - com.baomidou.mybatisplus.generator.engine.FreemarkerTemplateEngine.writer(FreemarkerTemplateEngine.java:54) - 模板:/templates/service.java.ftl;  文件:/Users/adam_ming/SourceCode/IDEAWorkspace/urms/src/main/java/com/dhcc/drgmifs/role/service/IRoleService.java
[17:54:19:628] [DEBUG] - com.baomidou.mybatisplus.generator.engine.FreemarkerTemplateEngine.writer(FreemarkerTemplateEngine.java:54) - 模板:static/templates/serviceImpl.java.ftl;  文件:/Users/adam_ming/SourceCode/IDEAWorkspace/urms/src/main/java/com/dhcc/drgmifs/role/service/impl/RoleServiceImpl.java
[17:54:19:631] [DEBUG] - com.baomidou.mybatisplus.generator.engine.FreemarkerTemplateEngine.writer(FreemarkerTemplateEngine.java:54) - 模板:/templates/controller.java.ftl;  文件:/Users/adam_ming/SourceCode/IDEAWorkspace/urms/src/main/java/com/dhcc/drgmifs/role/controller/RoleController.java
[17:54:19:631] [DEBUG] - com.baomidou.mybatisplus.generator.AutoGenerator.execute(AutoGenerator.java:107) - ==========================文件生成完成！！！==========================
